<?xml version="1.0" encoding="UTF-8"?>
<testng-results skipped="0" failed="0" ignored="0" total="4" passed="4">
  <reporter-output>
  </reporter-output>
  <suite name="Default suite" duration-ms="83668" started-at="2021-01-21T17:02:14 GMT-08:00" finished-at="2021-01-21T17:03:37 GMT-08:00">
    <groups>
    </groups>
    <test name="Default test" duration-ms="83668" started-at="2021-01-21T17:02:14 GMT-08:00" finished-at="2021-01-21T17:03:37 GMT-08:00">
      <class name="DataDrivenTest.DataDrivenLoginPage">
        <test-method status="PASS" signature="setUp()[pri:0, instance:DataDrivenTest.DataDrivenLoginPage@77846d2c]" name="setUp" is-config="true" duration-ms="26321" started-at="2021-01-21T17:02:14 GMT-08:00" finished-at="2021-01-21T17:02:40 GMT-08:00">
          <reporter-output>
          </reporter-output>
        </test-method> <!-- setUp -->
        <test-method status="PASS" signature="search()[pri:0, instance:DataDrivenTest.DataDrivenLoginPage@77846d2c]" name="search" duration-ms="7290" started-at="2021-01-21T17:02:40 GMT-08:00" finished-at="2021-01-21T17:02:47 GMT-08:00">
          <reporter-output>
          </reporter-output>
        </test-method> <!-- search -->
        <test-method status="PASS" signature="LoginTest(java.lang.String, java.lang.String, java.lang.String)[pri:1, instance:DataDrivenTest.DataDrivenLoginPage@77846d2c]" name="LoginTest" duration-ms="18154" started-at="2021-01-21T17:02:47 GMT-08:00" data-provider="logindata" finished-at="2021-01-21T17:03:06 GMT-08:00">
          <params>
            <param index="0">
              <value>
                <![CDATA[admin]]>
              </value>
            </param>
            <param index="1">
              <value>
                <![CDATA[admin123]]>
              </value>
            </param>
            <param index="2">
              <value>
                <![CDATA[invalid]]>
              </value>
            </param>
          </params>
          <reporter-output>
          </reporter-output>
        </test-method> <!-- LoginTest -->
        <test-method status="PASS" signature="LoginTest(java.lang.String, java.lang.String, java.lang.String)[pri:1, instance:DataDrivenTest.DataDrivenLoginPage@77846d2c]" name="LoginTest" duration-ms="15532" started-at="2021-01-21T17:03:06 GMT-08:00" data-provider="logindata" finished-at="2021-01-21T17:03:21 GMT-08:00">
          <params>
            <param index="0">
              <value>
                <![CDATA[Admin]]>
              </value>
            </param>
            <param index="1">
              <value>
                <![CDATA[admin123]]>
              </value>
            </param>
            <param index="2">
              <value>
                <![CDATA[valid]]>
              </value>
            </param>
          </params>
          <reporter-output>
          </reporter-output>
        </test-method> <!-- LoginTest -->
        <test-method status="PASS" signature="LoginTest(java.lang.String, java.lang.String, java.lang.String)[pri:1, instance:DataDrivenTest.DataDrivenLoginPage@77846d2c]" name="LoginTest" duration-ms="9607" started-at="2021-01-21T17:03:21 GMT-08:00" data-provider="logindata" finished-at="2021-01-21T17:03:31 GMT-08:00">
          <params>
            <param index="0">
              <value>
                <![CDATA[Aditi]]>
              </value>
            </param>
            <param index="1">
              <value>
                <![CDATA[admin321]]>
              </value>
            </param>
            <param index="2">
              <value>
                <![CDATA[invalid]]>
              </value>
            </param>
          </params>
          <reporter-output>
          </reporter-output>
        </test-method> <!-- LoginTest -->
        <test-method status="PASS" signature="tearDown()[pri:0, instance:DataDrivenTest.DataDrivenLoginPage@77846d2c]" name="tearDown" is-config="true" duration-ms="6578" started-at="2021-01-21T17:03:31 GMT-08:00" finished-at="2021-01-21T17:03:37 GMT-08:00">
          <reporter-output>
          </reporter-output>
        </test-method> <!-- tearDown -->
      </class> <!-- DataDrivenTest.DataDrivenLoginPage -->
    </test> <!-- Default test -->
  </suite> <!-- Default suite -->
</testng-results>
