<?xml version="1.0" encoding="UTF-8"?>
<!-- Generated by org.testng.reporters.JUnitXMLReporter -->
<testsuite hostname="DESKTOP-O9O63C2" ignored="0" name="Default test" tests="4" failures="0" timestamp="2021-01-21T17:03:38 GMT-08:00" time="83.668" errors="0">
  <testcase name="search" time="7.29" classname="DataDrivenTest.DataDrivenLoginPage"/>
  <testcase name="LoginTest" time="18.154" classname="DataDrivenTest.DataDrivenLoginPage"/>
  <testcase name="LoginTest" time="15.532" classname="DataDrivenTest.DataDrivenLoginPage"/>
  <testcase name="LoginTest" time="9.607" classname="DataDrivenTest.DataDrivenLoginPage"/>
</testsuite> <!-- Default test -->
